<?xml version="1.0" encoding="UTF-8"?>
<!-- Generated by org.testng.reporters.JUnitReportReporter -->
<testsuite skipped="0" hostname="TrUser110" name="com.TestNGtest.GenerateTestReport" tests="2" failures="0" timestamp="30 Nov 2019 09:22:57 GMT" time="7.209" errors="0">
  <testcase name="GetGoogleTitle" time="0.053" classname="com.TestNGtest.GenerateTestReport"/>
  <testcase name="TearDown" time="7.156" classname="com.TestNGtest.GenerateTestReport"/>
</testsuite> <!-- com.TestNGtest.GenerateTestReport -->
