<?xml version="1.0" encoding="UTF-8"?>
<!-- Generated by org.testng.reporters.JUnitReportReporter -->
<testsuite skipped="0" hostname="TrUser110" name="com.TestNGtest.DataProviderTest" tests="3" failures="0" timestamp="30 Nov 2019 10:08:16 GMT" time="157.444" errors="0">
  <testcase name="doSearch" time="19.939" classname="com.TestNGtest.DataProviderTest"/>
  <testcase name="doSearch" time="19.201" classname="com.TestNGtest.DataProviderTest"/>
  <testcase name="doSearch" time="118.304" classname="com.TestNGtest.DataProviderTest"/>
</testsuite> <!-- com.TestNGtest.DataProviderTest -->
