<?xml version="1.0" encoding="UTF-8"?>
<!-- Generated by org.testng.reporters.JUnitReportReporter -->
<testsuite skipped="0" hostname="TrUser110" name="com.TestNGtest.DataProviderImplment" tests="3" failures="0" timestamp="30 Nov 2019 10:23:59 GMT" time="63.788" errors="0">
  <testcase name="LoginTest" time="20.416" classname="com.TestNGtest.DataProviderImplment"/>
  <testcase name="LoginTest" time="20.154" classname="com.TestNGtest.DataProviderImplment"/>
  <testcase name="LoginTest" time="23.218" classname="com.TestNGtest.DataProviderImplment"/>
</testsuite> <!-- com.TestNGtest.DataProviderImplment -->
