<?xml version="1.0" encoding="UTF-8"?>
<!-- Generated by org.testng.reporters.JUnitReportReporter -->
<testsuite skipped="0" hostname="TrUser110" name="com.TestNGtest.TestCase1" tests="1" failures="0" timestamp="30 Nov 2019 09:04:41 GMT" time="12.519" errors="0">
  <testcase name="SimpleTest" time="12.519" classname="com.TestNGtest.TestCase1"/>
</testsuite> <!-- com.TestNGtest.TestCase1 -->
