<?xml version="1.0" encoding="UTF-8"?>
<!-- Generated by org.testng.reporters.JUnitReportReporter -->
<testsuite skipped="0" hostname="TrUser110" name="com.TestNGtest.AfterMethodTest" tests="1" failures="0" timestamp="23 Nov 2019 10:35:57 GMT" time="51.469" errors="0">
  <testcase name="BasicTest" time="51.469" classname="com.TestNGtest.AfterMethodTest"/>
</testsuite> <!-- com.TestNGtest.AfterMethodTest -->
