<?xml version="1.0" encoding="UTF-8"?>
<!-- Generated by org.testng.reporters.JUnitReportReporter -->
<testsuite skipped="0" hostname="TrUser110" name="com.TestNGtest.PriorityTest" tests="4" failures="0" timestamp="30 Nov 2019 09:10:07 GMT" time="0.056" errors="0">
  <testcase name="test4" time="0.035" classname="com.TestNGtest.PriorityTest"/>
  <testcase name="test3" time="0.014" classname="com.TestNGtest.PriorityTest"/>
  <testcase name="test2" time="0.004" classname="com.TestNGtest.PriorityTest"/>
  <testcase name="test1" time="0.003" classname="com.TestNGtest.PriorityTest"/>
</testsuite> <!-- com.TestNGtest.PriorityTest -->
