<?xml version="1.0" encoding="UTF-8"?>
<!-- Generated by org.testng.reporters.JUnitReportReporter -->
<testsuite skipped="0" hostname="TrUser110" name="com.TestNGtest.AddLogInReport" tests="3" failures="0" timestamp="30 Nov 2019 09:51:11 GMT" time="7.311" errors="0">
  <testcase name="TearDown" time="7.183" classname="com.TestNGtest.AddLogInReport"/>
  <testcase name="GetGoogleURL" time="0.021" classname="com.TestNGtest.AddLogInReport"/>
  <testcase name="GetGoogleTitle" time="0.107" classname="com.TestNGtest.AddLogInReport"/>
</testsuite> <!-- com.TestNGtest.AddLogInReport -->
