<?xml version="1.0" encoding="UTF-8"?>
<!-- Generated by org.testng.reporters.JUnitReportReporter -->
<testsuite skipped="0" hostname="TrUser110" name="com.ExtentReports.ExtentReportsTest" tests="1" failures="0" timestamp="07 Dec 2019 11:42:33 GMT" time="19.903" errors="0">
  <testcase name="f" time="19.903" classname="com.ExtentReports.ExtentReportsTest"/>
</testsuite> <!-- com.ExtentReports.ExtentReportsTest -->
