<?xml version="1.0" encoding="UTF-8"?>
<!-- Generated by org.testng.reporters.JUnitReportReporter -->
<testsuite skipped="0" hostname="TrUser110" name="com.TestNGtest.BeforeTesttest" tests="1" failures="0" timestamp="23 Nov 2019 11:31:08 GMT" time="11.538" errors="0">
  <testcase name="simpleTest" time="11.538" classname="com.TestNGtest.BeforeTesttest"/>
</testsuite> <!-- com.TestNGtest.BeforeTesttest -->
