<?xml version="1.0" encoding="UTF-8"?>
<!-- Generated by org.testng.reporters.JUnitReportReporter -->
<testsuite skipped="0" hostname="TrUser110" name="com.TestNGtest.Basic" tests="1" failures="0" timestamp="23 Nov 2019 10:07:27 GMT" time="46.904" errors="0">
  <testcase name="simpleTest" time="46.904" classname="com.TestNGtest.Basic"/>
</testsuite> <!-- com.TestNGtest.Basic -->
